{"/Users/fariswd/Documents/myproject/smartmovie/smartmovie/src/components/HorizontalShowcase.tsx": {"path":"/Users/fariswd/Documents/myproject/smartmovie/smartmovie/src/components/HorizontalShowcase.tsx","statementMap":{"0":{"start":{"line":25,"column":2},"end":{"line":35,"column":3}},"1":{"start":{"line":28,"column":21},"end":{"line":28,"column":103}},"2":{"start":{"line":39,"column":2},"end":{"line":43,"column":3}},"3":{"start":{"line":47,"column":2},"end":{"line":69,"column":3}},"4":{"start":{"line":59,"column":21},"end":{"line":59,"column":42}},"5":{"start":{"line":73,"column":2},"end":{"line":82,"column":3}},"6":{"start":{"line":74,"column":4},"end":{"line":81,"column":5}},"7":{"start":{"line":78,"column":35},"end":{"line":78,"column":41}},"8":{"start":{"line":83,"column":2},"end":{"line":92,"column":3}},"9":{"start":{"line":86,"column":30},"end":{"line":86,"column":76}},"10":{"start":{"line":87,"column":30},"end":{"line":87,"column":42}},"11":{"start":{"line":89,"column":38},"end":{"line":89,"column":71}},"12":{"start":{"line":90,"column":35},"end":{"line":90,"column":88}}},"fnMap":{"0":{"name":"renderItem","decl":{"start":{"line":24,"column":9},"end":{"line":24,"column":19}},"loc":{"start":{"line":24,"column":59},"end":{"line":36,"column":1}},"line":24},"1":{"name":"(anonymous_1)","decl":{"start":{"line":28,"column":15},"end":{"line":28,"column":16}},"loc":{"start":{"line":28,"column":21},"end":{"line":28,"column":103}},"line":28},"2":{"name":"renderLoad","decl":{"start":{"line":38,"column":9},"end":{"line":38,"column":19}},"loc":{"start":{"line":38,"column":23},"end":{"line":44,"column":1}},"line":38},"3":{"name":"FooterShowAll","decl":{"start":{"line":46,"column":9},"end":{"line":46,"column":22}},"loc":{"start":{"line":46,"column":31},"end":{"line":70,"column":1}},"line":46},"4":{"name":"(anonymous_4)","decl":{"start":{"line":59,"column":15},"end":{"line":59,"column":16}},"loc":{"start":{"line":59,"column":21},"end":{"line":59,"column":42}},"line":59},"5":{"name":"HorizontalShowcase","decl":{"start":{"line":72,"column":9},"end":{"line":72,"column":27}},"loc":{"start":{"line":72,"column":38},"end":{"line":93,"column":1}},"line":72},"6":{"name":"(anonymous_6)","decl":{"start":{"line":78,"column":22},"end":{"line":78,"column":23}},"loc":{"start":{"line":78,"column":35},"end":{"line":78,"column":41}},"line":78},"7":{"name":"(anonymous_7)","decl":{"start":{"line":86,"column":20},"end":{"line":86,"column":21}},"loc":{"start":{"line":86,"column":30},"end":{"line":86,"column":76}},"line":86},"8":{"name":"(anonymous_8)","decl":{"start":{"line":87,"column":22},"end":{"line":87,"column":23}},"loc":{"start":{"line":87,"column":30},"end":{"line":87,"column":42}},"line":87},"9":{"name":"(anonymous_9)","decl":{"start":{"line":89,"column":32},"end":{"line":89,"column":33}},"loc":{"start":{"line":89,"column":38},"end":{"line":89,"column":71}},"line":89},"10":{"name":"(anonymous_10)","decl":{"start":{"line":90,"column":29},"end":{"line":90,"column":30}},"loc":{"start":{"line":90,"column":35},"end":{"line":90,"column":88}},"line":90}},"branchMap":{"0":{"loc":{"start":{"line":73,"column":2},"end":{"line":82,"column":3}},"type":"if","locations":[{"start":{"line":73,"column":2},"end":{"line":82,"column":3}},{"start":{"line":73,"column":2},"end":{"line":82,"column":3}}],"line":73}},"s":{"0":10,"1":1,"2":24,"3":9,"4":1,"5":17,"6":8,"7":24,"8":9,"9":10,"10":12,"11":10,"12":9},"f":{"0":10,"1":1,"2":24,"3":9,"4":1,"5":17,"6":24,"7":10,"8":12,"9":10,"10":9},"b":{"0":[8,9]},"_coverageSchema":"1a1c01bbd47fc00a2c39e90264f33305004495a9","hash":"5bb0a3a8c9f4be88d18663e52b22f192d6f09ec3"}
,"/Users/fariswd/Documents/myproject/smartmovie/smartmovie/src/components/Texts.tsx": {"path":"/Users/fariswd/Documents/myproject/smartmovie/smartmovie/src/components/Texts.tsx","statementMap":{"0":{"start":{"line":8,"column":2},"end":{"line":12,"column":3}},"1":{"start":{"line":16,"column":2},"end":{"line":20,"column":3}},"2":{"start":{"line":24,"column":2},"end":{"line":28,"column":3}},"3":{"start":{"line":31,"column":15},"end":{"line":52,"column":2}}},"fnMap":{"0":{"name":"XBig","decl":{"start":{"line":7,"column":16},"end":{"line":7,"column":20}},"loc":{"start":{"line":7,"column":32},"end":{"line":13,"column":1}},"line":7},"1":{"name":"Big","decl":{"start":{"line":15,"column":16},"end":{"line":15,"column":19}},"loc":{"start":{"line":15,"column":31},"end":{"line":21,"column":1}},"line":15},"2":{"name":"Medium","decl":{"start":{"line":23,"column":16},"end":{"line":23,"column":22}},"loc":{"start":{"line":23,"column":34},"end":{"line":29,"column":1}},"line":23}},"branchMap":{},"s":{"0":18,"1":16,"2":16,"3":1},"f":{"0":18,"1":16,"2":16},"b":{},"_coverageSchema":"1a1c01bbd47fc00a2c39e90264f33305004495a9","hash":"716211f16b33701305850dc74f75f2ce430a18e0"}
,"/Users/fariswd/Documents/myproject/smartmovie/smartmovie/src/constants/colors.tsx": {"path":"/Users/fariswd/Documents/myproject/smartmovie/smartmovie/src/constants/colors.tsx","statementMap":{"0":{"start":{"line":1,"column":15},"end":{"line":8,"column":1}}},"fnMap":{},"branchMap":{},"s":{"0":1},"f":{},"b":{},"_coverageSchema":"1a1c01bbd47fc00a2c39e90264f33305004495a9","hash":"89b84fb4abeebfe3d0772ea498b94a01d7612815"}
,"/Users/fariswd/Documents/myproject/smartmovie/smartmovie/src/constants/config.tsx": {"path":"/Users/fariswd/Documents/myproject/smartmovie/smartmovie/src/constants/config.tsx","statementMap":{"0":{"start":{"line":1,"column":15},"end":{"line":5,"column":1}}},"fnMap":{},"branchMap":{},"s":{"0":1},"f":{},"b":{},"_coverageSchema":"1a1c01bbd47fc00a2c39e90264f33305004495a9","hash":"206ddcbbe449c94e34ebb218ab9fe691c7bf2f12"}
,"/Users/fariswd/Documents/myproject/smartmovie/smartmovie/src/graphql/mock.tsx": {"path":"/Users/fariswd/Documents/myproject/smartmovie/smartmovie/src/graphql/mock.tsx","statementMap":{"0":{"start":{"line":4,"column":21},"end":{"line":16,"column":1}},"1":{"start":{"line":18,"column":21},"end":{"line":30,"column":1}},"2":{"start":{"line":32,"column":23},"end":{"line":44,"column":1}},"3":{"start":{"line":46,"column":20},"end":{"line":58,"column":1}},"4":{"start":{"line":60,"column":22},"end":{"line":72,"column":1}},"5":{"start":{"line":74,"column":23},"end":{"line":86,"column":1}},"6":{"start":{"line":88,"column":21},"end":{"line":100,"column":1}},"7":{"start":{"line":102,"column":21},"end":{"line":114,"column":1}},"8":{"start":{"line":116,"column":25},"end":{"line":116,"column":82}},"9":{"start":{"line":117,"column":22},"end":{"line":117,"column":81}}},"fnMap":{},"branchMap":{},"s":{"0":1,"1":1,"2":1,"3":1,"4":1,"5":1,"6":1,"7":1,"8":1,"9":1},"f":{},"b":{},"_coverageSchema":"1a1c01bbd47fc00a2c39e90264f33305004495a9","hash":"138345ebac2e5b3ac2ab6e5b95cb6e3bb843419c"}
,"/Users/fariswd/Documents/myproject/smartmovie/smartmovie/src/graphql/queries/movieQueries.tsx": {"path":"/Users/fariswd/Documents/myproject/smartmovie/smartmovie/src/graphql/queries/movieQueries.tsx","statementMap":{"0":{"start":{"line":6,"column":24},"end":{"line":27,"column":1}},"1":{"start":{"line":29,"column":24},"end":{"line":50,"column":1}},"2":{"start":{"line":52,"column":26},"end":{"line":73,"column":1}},"3":{"start":{"line":75,"column":23},"end":{"line":96,"column":1}}},"fnMap":{},"branchMap":{},"s":{"0":1,"1":1,"2":1,"3":1},"f":{},"b":{},"_coverageSchema":"1a1c01bbd47fc00a2c39e90264f33305004495a9","hash":"0e1ed7f0bb84d3acb682a716773826a05c9b1a03"}
,"/Users/fariswd/Documents/myproject/smartmovie/smartmovie/src/graphql/queries/tvQueries.tsx": {"path":"/Users/fariswd/Documents/myproject/smartmovie/smartmovie/src/graphql/queries/tvQueries.tsx","statementMap":{"0":{"start":{"line":6,"column":26},"end":{"line":27,"column":1}},"1":{"start":{"line":29,"column":19},"end":{"line":50,"column":1}},"2":{"start":{"line":52,"column":24},"end":{"line":73,"column":1}},"3":{"start":{"line":75,"column":25},"end":{"line":96,"column":1}}},"fnMap":{},"branchMap":{},"s":{"0":1,"1":1,"2":1,"3":1},"f":{},"b":{},"_coverageSchema":"1a1c01bbd47fc00a2c39e90264f33305004495a9","hash":"226fa4643dfa1de0bf396c26a1deacdff60f7e5e"}
,"/Users/fariswd/Documents/myproject/smartmovie/smartmovie/src/screens/MovieScreen.tsx": {"path":"/Users/fariswd/Documents/myproject/smartmovie/smartmovie/src/screens/MovieScreen.tsx","statementMap":{"0":{"start":{"line":17,"column":38},"end":{"line":17,"column":63}},"1":{"start":{"line":18,"column":32},"end":{"line":18,"column":57}},"2":{"start":{"line":19,"column":34},"end":{"line":19,"column":59}},"3":{"start":{"line":20,"column":34},"end":{"line":20,"column":59}},"4":{"start":{"line":22,"column":17},"end":{"line":22,"column":34}},"5":{"start":{"line":23,"column":20},"end":{"line":34,"column":3}},"6":{"start":{"line":24,"column":4},"end":{"line":33,"column":6}},"7":{"start":{"line":28,"column":21},"end":{"line":31,"column":7}},"8":{"start":{"line":32,"column":6},"end":{"line":32,"column":25}},"9":{"start":{"line":36,"column":27},"end":{"line":42,"column":3}},"10":{"start":{"line":37,"column":4},"end":{"line":41,"column":6}},"11":{"start":{"line":44,"column":2},"end":{"line":49,"column":8}},"12":{"start":{"line":45,"column":4},"end":{"line":45,"column":54}},"13":{"start":{"line":46,"column":4},"end":{"line":46,"column":45}},"14":{"start":{"line":47,"column":4},"end":{"line":47,"column":48}},"15":{"start":{"line":48,"column":4},"end":{"line":48,"column":48}},"16":{"start":{"line":51,"column":2},"end":{"line":161,"column":3}},"17":{"start":{"line":59,"column":27},"end":{"line":63,"column":14}},"18":{"start":{"line":72,"column":31},"end":{"line":76,"column":12}},"19":{"start":{"line":86,"column":27},"end":{"line":90,"column":14}},"20":{"start":{"line":99,"column":31},"end":{"line":103,"column":12}},"21":{"start":{"line":113,"column":27},"end":{"line":117,"column":14}},"22":{"start":{"line":126,"column":31},"end":{"line":130,"column":12}},"23":{"start":{"line":140,"column":27},"end":{"line":144,"column":14}},"24":{"start":{"line":153,"column":31},"end":{"line":157,"column":12}},"25":{"start":{"line":164,"column":15},"end":{"line":181,"column":2}}},"fnMap":{"0":{"name":"MovieScreen","decl":{"start":{"line":16,"column":24},"end":{"line":16,"column":35}},"loc":{"start":{"line":16,"column":46},"end":{"line":162,"column":1}},"line":16},"1":{"name":"(anonymous_1)","decl":{"start":{"line":23,"column":20},"end":{"line":23,"column":21}},"loc":{"start":{"line":23,"column":75},"end":{"line":34,"column":3}},"line":23},"2":{"name":"(anonymous_2)","decl":{"start":{"line":27,"column":10},"end":{"line":27,"column":11}},"loc":{"start":{"line":27,"column":31},"end":{"line":33,"column":5}},"line":27},"3":{"name":"(anonymous_3)","decl":{"start":{"line":36,"column":27},"end":{"line":36,"column":28}},"loc":{"start":{"line":36,"column":52},"end":{"line":42,"column":3}},"line":36},"4":{"name":"(anonymous_4)","decl":{"start":{"line":44,"column":12},"end":{"line":44,"column":13}},"loc":{"start":{"line":44,"column":18},"end":{"line":49,"column":3}},"line":44},"5":{"name":"(anonymous_5)","decl":{"start":{"line":59,"column":21},"end":{"line":59,"column":22}},"loc":{"start":{"line":59,"column":27},"end":{"line":63,"column":14}},"line":59},"6":{"name":"(anonymous_6)","decl":{"start":{"line":72,"column":25},"end":{"line":72,"column":26}},"loc":{"start":{"line":72,"column":31},"end":{"line":76,"column":12}},"line":72},"7":{"name":"(anonymous_7)","decl":{"start":{"line":86,"column":21},"end":{"line":86,"column":22}},"loc":{"start":{"line":86,"column":27},"end":{"line":90,"column":14}},"line":86},"8":{"name":"(anonymous_8)","decl":{"start":{"line":99,"column":25},"end":{"line":99,"column":26}},"loc":{"start":{"line":99,"column":31},"end":{"line":103,"column":12}},"line":99},"9":{"name":"(anonymous_9)","decl":{"start":{"line":113,"column":21},"end":{"line":113,"column":22}},"loc":{"start":{"line":113,"column":27},"end":{"line":117,"column":14}},"line":113},"10":{"name":"(anonymous_10)","decl":{"start":{"line":126,"column":25},"end":{"line":126,"column":26}},"loc":{"start":{"line":126,"column":31},"end":{"line":130,"column":12}},"line":126},"11":{"name":"(anonymous_11)","decl":{"start":{"line":140,"column":21},"end":{"line":140,"column":22}},"loc":{"start":{"line":140,"column":27},"end":{"line":144,"column":14}},"line":140},"12":{"name":"(anonymous_12)","decl":{"start":{"line":153,"column":25},"end":{"line":153,"column":26}},"loc":{"start":{"line":153,"column":31},"end":{"line":157,"column":12}},"line":153}},"branchMap":{},"s":{"0":2,"1":2,"2":2,"3":2,"4":2,"5":2,"6":4,"7":4,"8":4,"9":2,"10":4,"11":2,"12":1,"13":1,"14":1,"15":1,"16":2,"17":1,"18":0,"19":1,"20":0,"21":1,"22":0,"23":1,"24":0,"25":1},"f":{"0":2,"1":4,"2":4,"3":4,"4":1,"5":1,"6":0,"7":1,"8":0,"9":1,"10":0,"11":1,"12":0},"b":{},"_coverageSchema":"1a1c01bbd47fc00a2c39e90264f33305004495a9","hash":"ea74cb3468a3532a7ae672843b8493e35f853a3d"}
,"/Users/fariswd/Documents/myproject/smartmovie/smartmovie/src/screens/TvScreen.tsx": {"path":"/Users/fariswd/Documents/myproject/smartmovie/smartmovie/src/screens/TvScreen.tsx","statementMap":{"0":{"start":{"line":22,"column":34},"end":{"line":22,"column":59}},"1":{"start":{"line":23,"column":36},"end":{"line":23,"column":61}},"2":{"start":{"line":24,"column":38},"end":{"line":24,"column":63}},"3":{"start":{"line":25,"column":34},"end":{"line":25,"column":59}},"4":{"start":{"line":27,"column":17},"end":{"line":27,"column":34}},"5":{"start":{"line":28,"column":20},"end":{"line":39,"column":3}},"6":{"start":{"line":29,"column":4},"end":{"line":38,"column":6}},"7":{"start":{"line":33,"column":21},"end":{"line":36,"column":7}},"8":{"start":{"line":37,"column":6},"end":{"line":37,"column":25}},"9":{"start":{"line":41,"column":27},"end":{"line":47,"column":3}},"10":{"start":{"line":42,"column":4},"end":{"line":46,"column":6}},"11":{"start":{"line":49,"column":2},"end":{"line":54,"column":8}},"12":{"start":{"line":50,"column":4},"end":{"line":50,"column":43}},"13":{"start":{"line":51,"column":4},"end":{"line":51,"column":51}},"14":{"start":{"line":52,"column":4},"end":{"line":52,"column":54}},"15":{"start":{"line":53,"column":4},"end":{"line":53,"column":48}},"16":{"start":{"line":56,"column":2},"end":{"line":166,"column":3}},"17":{"start":{"line":64,"column":27},"end":{"line":68,"column":14}},"18":{"start":{"line":77,"column":31},"end":{"line":81,"column":12}},"19":{"start":{"line":91,"column":27},"end":{"line":95,"column":14}},"20":{"start":{"line":104,"column":31},"end":{"line":108,"column":12}},"21":{"start":{"line":118,"column":27},"end":{"line":122,"column":14}},"22":{"start":{"line":131,"column":31},"end":{"line":135,"column":12}},"23":{"start":{"line":145,"column":27},"end":{"line":149,"column":14}},"24":{"start":{"line":158,"column":31},"end":{"line":162,"column":12}},"25":{"start":{"line":169,"column":15},"end":{"line":186,"column":2}}},"fnMap":{"0":{"name":"TvScreen","decl":{"start":{"line":21,"column":24},"end":{"line":21,"column":32}},"loc":{"start":{"line":21,"column":43},"end":{"line":167,"column":1}},"line":21},"1":{"name":"(anonymous_1)","decl":{"start":{"line":28,"column":20},"end":{"line":28,"column":21}},"loc":{"start":{"line":28,"column":75},"end":{"line":39,"column":3}},"line":28},"2":{"name":"(anonymous_2)","decl":{"start":{"line":32,"column":10},"end":{"line":32,"column":11}},"loc":{"start":{"line":32,"column":31},"end":{"line":38,"column":5}},"line":32},"3":{"name":"(anonymous_3)","decl":{"start":{"line":41,"column":27},"end":{"line":41,"column":28}},"loc":{"start":{"line":41,"column":52},"end":{"line":47,"column":3}},"line":41},"4":{"name":"(anonymous_4)","decl":{"start":{"line":49,"column":12},"end":{"line":49,"column":13}},"loc":{"start":{"line":49,"column":18},"end":{"line":54,"column":3}},"line":49},"5":{"name":"(anonymous_5)","decl":{"start":{"line":64,"column":21},"end":{"line":64,"column":22}},"loc":{"start":{"line":64,"column":27},"end":{"line":68,"column":14}},"line":64},"6":{"name":"(anonymous_6)","decl":{"start":{"line":77,"column":25},"end":{"line":77,"column":26}},"loc":{"start":{"line":77,"column":31},"end":{"line":81,"column":12}},"line":77},"7":{"name":"(anonymous_7)","decl":{"start":{"line":91,"column":21},"end":{"line":91,"column":22}},"loc":{"start":{"line":91,"column":27},"end":{"line":95,"column":14}},"line":91},"8":{"name":"(anonymous_8)","decl":{"start":{"line":104,"column":25},"end":{"line":104,"column":26}},"loc":{"start":{"line":104,"column":31},"end":{"line":108,"column":12}},"line":104},"9":{"name":"(anonymous_9)","decl":{"start":{"line":118,"column":21},"end":{"line":118,"column":22}},"loc":{"start":{"line":118,"column":27},"end":{"line":122,"column":14}},"line":118},"10":{"name":"(anonymous_10)","decl":{"start":{"line":131,"column":25},"end":{"line":131,"column":26}},"loc":{"start":{"line":131,"column":31},"end":{"line":135,"column":12}},"line":131},"11":{"name":"(anonymous_11)","decl":{"start":{"line":145,"column":21},"end":{"line":145,"column":22}},"loc":{"start":{"line":145,"column":27},"end":{"line":149,"column":14}},"line":145},"12":{"name":"(anonymous_12)","decl":{"start":{"line":158,"column":25},"end":{"line":158,"column":26}},"loc":{"start":{"line":158,"column":31},"end":{"line":162,"column":12}},"line":158}},"branchMap":{},"s":{"0":2,"1":2,"2":2,"3":2,"4":2,"5":2,"6":4,"7":4,"8":4,"9":2,"10":4,"11":2,"12":1,"13":1,"14":1,"15":1,"16":2,"17":1,"18":0,"19":1,"20":0,"21":1,"22":0,"23":1,"24":0,"25":1},"f":{"0":2,"1":4,"2":4,"3":4,"4":1,"5":1,"6":0,"7":1,"8":0,"9":1,"10":0,"11":1,"12":0},"b":{},"_coverageSchema":"1a1c01bbd47fc00a2c39e90264f33305004495a9","hash":"217a12271894a35d91b6c6d73b573ad593fe47b4"}
}
