TN:
SF:src/components/HorizontalShowcase.tsx
FN:24,renderItem
FN:28,(anonymous_1)
FN:38,renderLoad
FN:46,FooterShowAll
FN:59,(anonymous_4)
FN:72,HorizontalShowcase
FN:78,(anonymous_6)
FN:86,(anonymous_7)
FN:87,(anonymous_8)
FN:89,(anonymous_9)
FN:90,(anonymous_10)
FNF:11
FNH:11
FNDA:10,renderItem
FNDA:1,(anonymous_1)
FNDA:24,renderLoad
FNDA:9,FooterShowAll
FNDA:1,(anonymous_4)
FNDA:17,HorizontalShowcase
FNDA:24,(anonymous_6)
FNDA:10,(anonymous_7)
FNDA:12,(anonymous_8)
FNDA:10,(anonymous_9)
FNDA:9,(anonymous_10)
DA:25,10
DA:28,1
DA:39,24
DA:47,9
DA:59,1
DA:73,17
DA:74,8
DA:78,24
DA:83,9
DA:86,10
DA:87,12
DA:89,10
DA:90,9
LF:13
LH:13
BRDA:73,0,0,8
BRDA:73,0,1,9
BRF:2
BRH:2
end_of_record
TN:
SF:src/components/Texts.tsx
FN:7,XBig
FN:15,Big
FN:23,Medium
FNF:3
FNH:3
FNDA:18,XBig
FNDA:16,Big
FNDA:16,Medium
DA:8,18
DA:16,16
DA:24,16
DA:31,1
LF:4
LH:4
BRF:0
BRH:0
end_of_record
TN:
SF:src/constants/colors.tsx
FNF:0
FNH:0
DA:1,1
LF:1
LH:1
BRF:0
BRH:0
end_of_record
TN:
SF:src/constants/config.tsx
FNF:0
FNH:0
DA:1,1
LF:1
LH:1
BRF:0
BRH:0
end_of_record
TN:
SF:src/graphql/mock.tsx
FNF:0
FNH:0
DA:4,1
DA:18,1
DA:32,1
DA:46,1
DA:60,1
DA:74,1
DA:88,1
DA:102,1
DA:116,1
DA:117,1
LF:10
LH:10
BRF:0
BRH:0
end_of_record
TN:
SF:src/graphql/queries/movieQueries.tsx
FNF:0
FNH:0
DA:6,1
DA:29,1
DA:52,1
DA:75,1
LF:4
LH:4
BRF:0
BRH:0
end_of_record
TN:
SF:src/graphql/queries/tvQueries.tsx
FNF:0
FNH:0
DA:6,1
DA:29,1
DA:52,1
DA:75,1
LF:4
LH:4
BRF:0
BRH:0
end_of_record
TN:
SF:src/screens/MovieScreen.tsx
FN:16,MovieScreen
FN:23,(anonymous_1)
FN:27,(anonymous_2)
FN:36,(anonymous_3)
FN:44,(anonymous_4)
FN:59,(anonymous_5)
FN:72,(anonymous_6)
FN:86,(anonymous_7)
FN:99,(anonymous_8)
FN:113,(anonymous_9)
FN:126,(anonymous_10)
FN:140,(anonymous_11)
FN:153,(anonymous_12)
FNF:13
FNH:9
FNDA:2,MovieScreen
FNDA:4,(anonymous_1)
FNDA:4,(anonymous_2)
FNDA:4,(anonymous_3)
FNDA:1,(anonymous_4)
FNDA:1,(anonymous_5)
FNDA:0,(anonymous_6)
FNDA:1,(anonymous_7)
FNDA:0,(anonymous_8)
FNDA:1,(anonymous_9)
FNDA:0,(anonymous_10)
FNDA:1,(anonymous_11)
FNDA:0,(anonymous_12)
DA:17,2
DA:18,2
DA:19,2
DA:20,2
DA:22,2
DA:23,2
DA:24,4
DA:28,4
DA:32,4
DA:36,2
DA:37,4
DA:44,2
DA:45,1
DA:46,1
DA:47,1
DA:48,1
DA:51,2
DA:59,1
DA:72,0
DA:86,1
DA:99,0
DA:113,1
DA:126,0
DA:140,1
DA:153,0
DA:164,1
LF:26
LH:22
BRF:0
BRH:0
end_of_record
TN:
SF:src/screens/TvScreen.tsx
FN:21,TvScreen
FN:28,(anonymous_1)
FN:32,(anonymous_2)
FN:41,(anonymous_3)
FN:49,(anonymous_4)
FN:64,(anonymous_5)
FN:77,(anonymous_6)
FN:91,(anonymous_7)
FN:104,(anonymous_8)
FN:118,(anonymous_9)
FN:131,(anonymous_10)
FN:145,(anonymous_11)
FN:158,(anonymous_12)
FNF:13
FNH:9
FNDA:2,TvScreen
FNDA:4,(anonymous_1)
FNDA:4,(anonymous_2)
FNDA:4,(anonymous_3)
FNDA:1,(anonymous_4)
FNDA:1,(anonymous_5)
FNDA:0,(anonymous_6)
FNDA:1,(anonymous_7)
FNDA:0,(anonymous_8)
FNDA:1,(anonymous_9)
FNDA:0,(anonymous_10)
FNDA:1,(anonymous_11)
FNDA:0,(anonymous_12)
DA:22,2
DA:23,2
DA:24,2
DA:25,2
DA:27,2
DA:28,2
DA:29,4
DA:33,4
DA:37,4
DA:41,2
DA:42,4
DA:49,2
DA:50,1
DA:51,1
DA:52,1
DA:53,1
DA:56,2
DA:64,1
DA:77,0
DA:91,1
DA:104,0
DA:118,1
DA:131,0
DA:145,1
DA:158,0
DA:169,1
LF:26
LH:22
BRF:0
BRH:0
end_of_record
